<?xml version="1.0" encoding="UTF-8"?>
<!-- Generated by org.testng.reporters.JUnitXMLReporter -->
<testsuite ignored="0" hostname="DESKTOP-I1A8J2C" failures="0" tests="5" name="Default test" time="24.298" errors="0" timestamp="2021-09-09T15:11:00 IST">
  <testcase classname="DemoGuru.last" name="login" time="2.21"/>
  <testcase classname="DemoGuru.last" name="verifywithdrawal" time="6.079"/>
  <testcase classname="DemoGuru.last" name="verifycustomercanlogin" time="3.321"/>
  <testcase classname="DemoGuru.last" name="cont" time="4.326"/>
  <testcase classname="DemoGuru.last" name="logout" time="0.493"/>
</testsuite> <!-- Default test -->
