<?xml version="1.0" encoding="UTF-8"?>
<!-- Generated by org.testng.reporters.JUnitXMLReporter -->
<testsuite ignored="0" hostname="DESKTOP-I1A8J2C" failures="1" tests="3" name="Test" time="14.042" errors="0" timestamp="2021-09-08T12:29:47 IST">
  <testcase classname="DemoGuru.Editcustomer" name="login" time="1.556"/>
  <testcase classname="DemoGuru.Editcustomer" name="verify_editcustomer" time="0.92">
    <failure type="java.lang.IllegalArgumentException" message="Keys to send should be a not null CharSequence">
      <![CDATA[java.lang.IllegalArgumentException: Keys to send should be a not null CharSequence
at org.openqa.selenium.remote.RemoteWebElement.sendKeys(RemoteWebElement.java:97)
at DemoGuru.Editcustomer.verify_editcustomer(Editcustomer.java:54)
at java.base/java.util.ArrayList.forEach(ArrayList.java:1507)
... Removed 27 stack frames]]>
    </failure>
  </testcase> <!-- verify_editcustomer -->
  <testcase classname="DemoGuru.Editcustomer" name="newcustomer1" time="4.17"/>
</testsuite> <!-- Test -->
