<?xml version="1.0" encoding="UTF-8"?>
<!-- Generated by org.testng.reporters.JUnitXMLReporter -->
<testsuite ignored="0" hostname="DESKTOP-I1A8J2C" failures="3" tests="48" name="Test" time="219.582" errors="0" timestamp="2021-09-09T15:19:32 IST">
  <testcase classname="DemoGuru.Demoguru" name="invalid" time="2.344"/>
  <testcase classname="DemoGuru.Demoguru" name="invalid" time="4.114"/>
  <testcase classname="DemoGuru.Demoguru" name="invalid" time="3.826"/>
  <testcase classname="DemoGuru.Demoguru" name="login" time="4.821"/>
  <testcase classname="DemoGuru.Demoguru" name="changepassword" time="0.961"/>
  <testcase classname="DemoGuru.Demoguru" name="changepassword" time="0.972"/>
  <testcase classname="DemoGuru.Demoguru" name="changepassword" time="0.571"/>
  <testcase classname="DemoGuru.Demoguru" name="newlogin" time="3.966"/>
  <testcase classname="DemoGuru.Newcustomer" name="login" time="1.985"/>
  <testcase classname="DemoGuru.Newcustomer" name="newcustomer" time="2.97"/>
  <testcase classname="DemoGuru.Newcustomer" name="addnewaccount" time="2.064"/>
  <testcase classname="DemoGuru.DeleteAccount" name="login" time="1.832"/>
  <testcase classname="DemoGuru.DeleteAccount" name="deleteaccount" time="4.471"/>
  <testcase classname="DemoGuru.DeleteAccount" name="ministatement" time="2.429"/>
  <testcase classname="DemoGuru.DeleteAccount" name="deletedaccountbalance" time="2.102"/>
  <testcase classname="DemoGuru.DeleteAccount" name="customized" time="2.701"/>
  <testcase classname="DemoGuru.DeleteAccount" name="Deletecustomer" time="4.992"/>
  <testcase classname="DemoGuru.DeleteCustomer" name="login" time="1.717"/>
  <testcase classname="DemoGuru.DeleteCustomer" name="deletecustomer_accountexist" time="2.145">
    <failure type="org.openqa.selenium.UnhandledAlertException" message="unexpected alert open: {Alert text : Customer could not be added !!}
  (Session info: chrome=93.0.4577.63): Customer could not be added !!
Build info: version: &amp;apos;3.141.59&amp;apos;, revision: &amp;apos;e82be7d358&amp;apos;, time: &amp;apos;2018-11-14T08:17:03&amp;apos;
System info: host: &amp;apos;DESKTOP-I1A8J2C&amp;apos;, ip: &amp;apos;192.168.110.2&amp;apos;, os.name: &amp;apos;Windows 10&amp;apos;, os.arch: &amp;apos;amd64&amp;apos;, os.version: &amp;apos;10.0&amp;apos;, java.version: &amp;apos;13.0.2&amp;apos;
Driver info: org.openqa.selenium.chrome.ChromeDriver
Capabilities {acceptInsecureCerts: false, browserName: chrome, browserVersion: 93.0.4577.63, chrome: {chromedriverVersion: 93.0.4577.15 (660fc11082ba5..., userDataDir: C:\Users\ALONEH~1\AppData\L...}, goog:chromeOptions: {debuggerAddress: localhost:32597}, javascriptEnabled: true, networkConnectionEnabled: false, pageLoadStrategy: normal, platform: WINDOWS, platformName: WINDOWS, proxy: Proxy(), setWindowRect: true, strictFileInteractability: false, timeouts: {implicit: 0, pageLoad: 300000, script: 30000}, unhandledPromptBehavior: dismiss and notify, webauthn:extension:credBlob: true, webauthn:extension:largeBlob: true, webauthn:virtualAuthenticators: true}
Session ID: 22d114c5725e5417781cd52ece6ab7c1
*** Element info: {Using=xpath, value=//p[@class=&amp;quot;heading3&amp;quot;]}">
      <![CDATA[org.openqa.selenium.UnhandledAlertException: unexpected alert open: {Alert text : Customer could not be added !!}
  (Session info: chrome=93.0.4577.63): Customer could not be added !!
Build info: version: '3.141.59', revision: 'e82be7d358', time: '2018-11-14T08:17:03'
System info: host: 'DESKTOP-I1A8J2C', ip: '192.168.110.2', os.name: 'Windows 10', os.arch: 'amd64', os.version: '10.0', java.version: '13.0.2'
Driver info: org.openqa.selenium.chrome.ChromeDriver
Capabilities {acceptInsecureCerts: false, browserName: chrome, browserVersion: 93.0.4577.63, chrome: {chromedriverVersion: 93.0.4577.15 (660fc11082ba5..., userDataDir: C:\Users\ALONEH~1\AppData\L...}, goog:chromeOptions: {debuggerAddress: localhost:32597}, javascriptEnabled: true, networkConnectionEnabled: false, pageLoadStrategy: normal, platform: WINDOWS, platformName: WINDOWS, proxy: Proxy(), setWindowRect: true, strictFileInteractability: false, timeouts: {implicit: 0, pageLoad: 300000, script: 30000}, unhandledPromptBehavior: dismiss and notify, webauthn:extension:credBlob: true, webauthn:extension:largeBlob: true, webauthn:virtualAuthenticators: true}
Session ID: 22d114c5725e5417781cd52ece6ab7c1
*** Element info: {Using=xpath, value=//p[@class="heading3"]}
at org.openqa.selenium.remote.http.W3CHttpResponseCodec.decode(W3CHttpResponseCodec.java:120)
at org.openqa.selenium.remote.http.W3CHttpResponseCodec.decode(W3CHttpResponseCodec.java:49)
at org.openqa.selenium.remote.HttpCommandExecutor.execute(HttpCommandExecutor.java:158)
at org.openqa.selenium.remote.service.DriverCommandExecutor.execute(DriverCommandExecutor.java:83)
at org.openqa.selenium.remote.RemoteWebDriver.execute(RemoteWebDriver.java:552)
at org.openqa.selenium.remote.RemoteWebDriver.findElement(RemoteWebDriver.java:323)
at org.openqa.selenium.remote.RemoteWebDriver.findElementByXPath(RemoteWebDriver.java:428)
at org.openqa.selenium.By$ByXPath.findElement(By.java:353)
at org.openqa.selenium.remote.RemoteWebDriver.findElement(RemoteWebDriver.java:315)
at utility.keyword.newcustomer(keyword.java:40)
at DemoGuru.DeleteCustomer.deletecustomer_accountexist(DeleteCustomer.java:44)
at java.base/java.util.ArrayList.forEach(ArrayList.java:1507)
... Removed 27 stack frames]]>
    </failure>
  </testcase> <!-- deletecustomer_accountexist -->
  <testcase classname="DemoGuru.DeleteCustomer" name="customerdelete_withnoaccount" time="1.639">
    <failure type="org.openqa.selenium.UnhandledAlertException" message="unexpected alert open: {Alert text : Customer could not be added !!}
  (Session info: chrome=93.0.4577.63): Customer could not be added !!
Build info: version: &amp;apos;3.141.59&amp;apos;, revision: &amp;apos;e82be7d358&amp;apos;, time: &amp;apos;2018-11-14T08:17:03&amp;apos;
System info: host: &amp;apos;DESKTOP-I1A8J2C&amp;apos;, ip: &amp;apos;192.168.110.2&amp;apos;, os.name: &amp;apos;Windows 10&amp;apos;, os.arch: &amp;apos;amd64&amp;apos;, os.version: &amp;apos;10.0&amp;apos;, java.version: &amp;apos;13.0.2&amp;apos;
Driver info: org.openqa.selenium.chrome.ChromeDriver
Capabilities {acceptInsecureCerts: false, browserName: chrome, browserVersion: 93.0.4577.63, chrome: {chromedriverVersion: 93.0.4577.15 (660fc11082ba5..., userDataDir: C:\Users\ALONEH~1\AppData\L...}, goog:chromeOptions: {debuggerAddress: localhost:32597}, javascriptEnabled: true, networkConnectionEnabled: false, pageLoadStrategy: normal, platform: WINDOWS, platformName: WINDOWS, proxy: Proxy(), setWindowRect: true, strictFileInteractability: false, timeouts: {implicit: 0, pageLoad: 300000, script: 30000}, unhandledPromptBehavior: dismiss and notify, webauthn:extension:credBlob: true, webauthn:extension:largeBlob: true, webauthn:virtualAuthenticators: true}
Session ID: 22d114c5725e5417781cd52ece6ab7c1
*** Element info: {Using=xpath, value=//*[@id=&amp;quot;customer&amp;quot;]/tbody/tr[4]/td[2]}">
      <![CDATA[org.openqa.selenium.UnhandledAlertException: unexpected alert open: {Alert text : Customer could not be added !!}
  (Session info: chrome=93.0.4577.63): Customer could not be added !!
Build info: version: '3.141.59', revision: 'e82be7d358', time: '2018-11-14T08:17:03'
System info: host: 'DESKTOP-I1A8J2C', ip: '192.168.110.2', os.name: 'Windows 10', os.arch: 'amd64', os.version: '10.0', java.version: '13.0.2'
Driver info: org.openqa.selenium.chrome.ChromeDriver
Capabilities {acceptInsecureCerts: false, browserName: chrome, browserVersion: 93.0.4577.63, chrome: {chromedriverVersion: 93.0.4577.15 (660fc11082ba5..., userDataDir: C:\Users\ALONEH~1\AppData\L...}, goog:chromeOptions: {debuggerAddress: localhost:32597}, javascriptEnabled: true, networkConnectionEnabled: false, pageLoadStrategy: normal, platform: WINDOWS, platformName: WINDOWS, proxy: Proxy(), setWindowRect: true, strictFileInteractability: false, timeouts: {implicit: 0, pageLoad: 300000, script: 30000}, unhandledPromptBehavior: dismiss and notify, webauthn:extension:credBlob: true, webauthn:extension:largeBlob: true, webauthn:virtualAuthenticators: true}
Session ID: 22d114c5725e5417781cd52ece6ab7c1
*** Element info: {Using=xpath, value=//*[@id="customer"]/tbody/tr[4]/td[2]}
at org.openqa.selenium.remote.http.W3CHttpResponseCodec.decode(W3CHttpResponseCodec.java:120)
at org.openqa.selenium.remote.http.W3CHttpResponseCodec.decode(W3CHttpResponseCodec.java:49)
at org.openqa.selenium.remote.HttpCommandExecutor.execute(HttpCommandExecutor.java:158)
at org.openqa.selenium.remote.service.DriverCommandExecutor.execute(DriverCommandExecutor.java:83)
at org.openqa.selenium.remote.RemoteWebDriver.execute(RemoteWebDriver.java:552)
at org.openqa.selenium.remote.RemoteWebDriver.findElement(RemoteWebDriver.java:323)
at org.openqa.selenium.remote.RemoteWebDriver.findElementByXPath(RemoteWebDriver.java:428)
at org.openqa.selenium.By$ByXPath.findElement(By.java:353)
at org.openqa.selenium.remote.RemoteWebDriver.findElement(RemoteWebDriver.java:315)
at DemoGuru.DeleteCustomer.customerdelete_withnoaccount(DeleteCustomer.java:76)
at java.base/java.util.ArrayList.forEach(ArrayList.java:1507)
... Removed 27 stack frames]]>
    </failure>
  </testcase> <!-- customerdelete_withnoaccount -->
  <testcase classname="DemoGuru.DeleteCustomer" name="customercantbeedited_ifnotexist" time="1.443"/>
  <testcase classname="DemoGuru.DeleteCustomer" name="deletecustomer_whichdoesnotexist" time="1.759"/>
  <testcase classname="DemoGuru.Fundtransfer" name="login" time="2.092"/>
  <testcase classname="DemoGuru.Fundtransfer" name="creation" time="9.495"/>
  <testcase classname="DemoGuru.Fundtransfer" name="fundtransfer" time="2.955"/>
  <testcase classname="DemoGuru.Fundtransfer" name="refresh" time="1.838"/>
  <testcase classname="DemoGuru.Fundtransfer" name="verifytransfer" time="10.07"/>
  <testcase classname="DemoGuru.Fundtransfer" name="systembehaviour" time="10.91"/>
  <testcase classname="DemoGuru.Fundtransfer" name="fundtransfer_sameaccountno" time="3.143"/>
  <testcase classname="DemoGuru.Fundtransfer" name="verifybalanceis_low" time="3.805"/>
  <testcase classname="DemoGuru.Editcustomer" name="login" time="1.574"/>
  <testcase classname="DemoGuru.Editcustomer" name="newcustomer1" time="2.91"/>
  <testcase classname="DemoGuru.Editcustomer" name="verify_editcustomer" time="1.9"/>
  <testcase classname="DemoGuru.Deposit" name="login" time="5.175">
    <failure type="org.openqa.selenium.UnhandledAlertException" message="unexpected alert open: {Alert text : Customer could not be added !!}
  (Session info: chrome=93.0.4577.63): Customer could not be added !!
Build info: version: &amp;apos;3.141.59&amp;apos;, revision: &amp;apos;e82be7d358&amp;apos;, time: &amp;apos;2018-11-14T08:17:03&amp;apos;
System info: host: &amp;apos;DESKTOP-I1A8J2C&amp;apos;, ip: &amp;apos;192.168.110.2&amp;apos;, os.name: &amp;apos;Windows 10&amp;apos;, os.arch: &amp;apos;amd64&amp;apos;, os.version: &amp;apos;10.0&amp;apos;, java.version: &amp;apos;13.0.2&amp;apos;
Driver info: org.openqa.selenium.chrome.ChromeDriver
Capabilities {acceptInsecureCerts: false, browserName: chrome, browserVersion: 93.0.4577.63, chrome: {chromedriverVersion: 93.0.4577.15 (660fc11082ba5..., userDataDir: C:\Users\ALONEH~1\AppData\L...}, goog:chromeOptions: {debuggerAddress: localhost:23507}, javascriptEnabled: true, networkConnectionEnabled: false, pageLoadStrategy: normal, platform: WINDOWS, platformName: WINDOWS, proxy: Proxy(), setWindowRect: true, strictFileInteractability: false, timeouts: {implicit: 0, pageLoad: 300000, script: 30000}, unhandledPromptBehavior: dismiss and notify, webauthn:extension:credBlob: true, webauthn:extension:largeBlob: true, webauthn:virtualAuthenticators: true}
Session ID: 266abc6d5566991449866e09baa694e4
*** Element info: {Using=xpath, value=//*[@id=&amp;quot;customer&amp;quot;]/tbody/tr[4]/td[2]}">
      <![CDATA[org.openqa.selenium.UnhandledAlertException: unexpected alert open: {Alert text : Customer could not be added !!}
  (Session info: chrome=93.0.4577.63): Customer could not be added !!
Build info: version: '3.141.59', revision: 'e82be7d358', time: '2018-11-14T08:17:03'
System info: host: 'DESKTOP-I1A8J2C', ip: '192.168.110.2', os.name: 'Windows 10', os.arch: 'amd64', os.version: '10.0', java.version: '13.0.2'
Driver info: org.openqa.selenium.chrome.ChromeDriver
Capabilities {acceptInsecureCerts: false, browserName: chrome, browserVersion: 93.0.4577.63, chrome: {chromedriverVersion: 93.0.4577.15 (660fc11082ba5..., userDataDir: C:\Users\ALONEH~1\AppData\L...}, goog:chromeOptions: {debuggerAddress: localhost:23507}, javascriptEnabled: true, networkConnectionEnabled: false, pageLoadStrategy: normal, platform: WINDOWS, platformName: WINDOWS, proxy: Proxy(), setWindowRect: true, strictFileInteractability: false, timeouts: {implicit: 0, pageLoad: 300000, script: 30000}, unhandledPromptBehavior: dismiss and notify, webauthn:extension:credBlob: true, webauthn:extension:largeBlob: true, webauthn:virtualAuthenticators: true}
Session ID: 266abc6d5566991449866e09baa694e4
*** Element info: {Using=xpath, value=//*[@id="customer"]/tbody/tr[4]/td[2]}
at org.openqa.selenium.remote.http.W3CHttpResponseCodec.decode(W3CHttpResponseCodec.java:120)
at org.openqa.selenium.remote.http.W3CHttpResponseCodec.decode(W3CHttpResponseCodec.java:49)
at org.openqa.selenium.remote.HttpCommandExecutor.execute(HttpCommandExecutor.java:158)
at org.openqa.selenium.remote.service.DriverCommandExecutor.execute(DriverCommandExecutor.java:83)
at org.openqa.selenium.remote.RemoteWebDriver.execute(RemoteWebDriver.java:552)
at org.openqa.selenium.remote.RemoteWebDriver.findElement(RemoteWebDriver.java:323)
at org.openqa.selenium.remote.RemoteWebDriver.findElementByXPath(RemoteWebDriver.java:428)
at org.openqa.selenium.By$ByXPath.findElement(By.java:353)
at org.openqa.selenium.remote.RemoteWebDriver.findElement(RemoteWebDriver.java:315)
at utility.keywordforfund.newcustomer1(keywordforfund.java:32)
at DemoGuru.Deposit.login(Deposit.java:41)
at java.base/java.util.ArrayList.forEach(ArrayList.java:1507)
... Removed 27 stack frames]]>
    </failure>
  </testcase> <!-- login -->
  <testcase classname="DemoGuru.Deposit" name="deposit" time="2.469"/>
  <testcase classname="DemoGuru.Deposit" name="refresh" time="1.794"/>
  <testcase classname="DemoGuru.Withmini" name="login" time="1.944"/>
  <testcase classname="DemoGuru.Withmini" name="verifywithdrawal" time="6.679"/>
  <testcase classname="DemoGuru.Withmini" name="verifybalancelow" time="1.953"/>
  <testcase classname="DemoGuru.Withmini" name="verifyministatement" time="2.964"/>
  <testcase classname="DemoGuru.Withmini" name="verifybalance" time="2.188"/>
  <testcase classname="DemoGuru.Withmini" name="verifycustomizedstatement" time="2.813"/>
  <testcase classname="DemoGuru.Withmini" name="verifycusstatementwithhigherfromdate" time="2.474"/>
  <testcase classname="DemoGuru.last" name="login" time="2.197"/>
  <testcase classname="DemoGuru.last" name="verifywithdrawal" time="6.139"/>
  <testcase classname="DemoGuru.last" name="verifycustomercanlogin" time="2.357"/>
  <testcase classname="DemoGuru.last" name="cont" time="3.963"/>
  <testcase classname="DemoGuru.last" name="logout" time="0.513"/>
</testsuite> <!-- Test -->
