<?xml version="1.0" encoding="UTF-8"?>
<testng-results ignored="0" total="3" passed="3" failed="0" skipped="0">
  <reporter-output>
  </reporter-output>
  <suite started-at="2021-09-08T13:24:14 IST" name="Default suite" finished-at="2021-09-08T13:24:34 IST" duration-ms="20399">
    <groups>
    </groups>
    <test started-at="2021-09-08T13:24:14 IST" name="Default test" finished-at="2021-09-08T13:24:34 IST" duration-ms="20399">
      <class name="DemoGuru.Deposit">
        <test-method is-config="true" signature="open()[pri:0, instance:DemoGuru.Deposit@6e4784bc]" started-at="2021-09-08T13:24:14 IST" name="open" finished-at="2021-09-08T13:24:21 IST" duration-ms="7810" status="PASS">
          <reporter-output>
          </reporter-output>
        </test-method> <!-- open -->
        <test-method signature="login()[pri:1, instance:DemoGuru.Deposit@6e4784bc]" started-at="2021-09-08T13:24:22 IST" name="login" finished-at="2021-09-08T13:24:30 IST" duration-ms="8400" status="PASS">
          <reporter-output>
          </reporter-output>
        </test-method> <!-- login -->
        <test-method signature="deposit()[pri:2, instance:DemoGuru.Deposit@6e4784bc]" started-at="2021-09-08T13:24:30 IST" name="deposit" finished-at="2021-09-08T13:24:32 IST" duration-ms="2002" status="PASS">
          <reporter-output>
          </reporter-output>
        </test-method> <!-- deposit -->
        <test-method signature="refresh()[pri:3, instance:DemoGuru.Deposit@6e4784bc]" started-at="2021-09-08T13:24:32 IST" name="refresh" finished-at="2021-09-08T13:24:33 IST" duration-ms="1405" status="PASS">
          <reporter-output>
          </reporter-output>
        </test-method> <!-- refresh -->
        <test-method is-config="true" signature="close()[pri:0, instance:DemoGuru.Deposit@6e4784bc]" started-at="2021-09-08T13:24:33 IST" name="close" finished-at="2021-09-08T13:24:34 IST" duration-ms="701" status="PASS">
          <reporter-output>
          </reporter-output>
        </test-method> <!-- close -->
      </class> <!-- DemoGuru.Deposit -->
    </test> <!-- Default test -->
  </suite> <!-- Default suite -->
</testng-results>
